<?xml version="1.0" encoding="UTF-8"?><testrun name="RunnerTest" project="automacao-frontend-java" tests="60" started="60" failures="0" errors="17" ignored="44">
  <testsuite name="runner.RunnerTest" time="18.077">
    <testsuite name="Funcionalidade: Adicionar Contas" time="15.244">
      <testsuite name="Esquema do Cenario: CT - ADICIONAR CONTAS - Adicionar Contas com Sucesso." time="15.244">
        <testsuite name="Exemplos:" time="15.244">
          <testsuite name="| &quot;aleatório&quot; | &quot;Conta adicionada com sucesso!&quot; |" time="15.235" incomplete="true">
            <error>java.lang.NullPointerException
	at org.openqa.selenium.remote.RemoteWebDriver.findElements(RemoteWebDriver.java:446)
	at org.openqa.selenium.remote.RemoteWebDriver.findElementsById(RemoteWebDriver.java:457)
	at org.openqa.selenium.By$ById.findElements(By.java:210)
	at org.openqa.selenium.remote.RemoteWebDriver.findElements(RemoteWebDriver.java:398)
	at org.openqa.selenium.support.ui.ExpectedConditions.findElement(ExpectedConditions.java:882)
	at org.openqa.selenium.support.ui.ExpectedConditions.access$000(ExpectedConditions.java:44)
	at org.openqa.selenium.support.ui.ExpectedConditions$6.apply(ExpectedConditions.java:183)
	at org.openqa.selenium.support.ui.ExpectedConditions$6.apply(ExpectedConditions.java:180)
	at org.openqa.selenium.support.ui.FluentWait.until(FluentWait.java:209)
	at framework.FrameworkElement.sendKeys(FrameworkElement.java:159)
	at sun.reflect.NativeMethodAccessorImpl.invoke0(Native Method)
	at sun.reflect.NativeMethodAccessorImpl.invoke(NativeMethodAccessorImpl.java:62)
	at sun.reflect.DelegatingMethodAccessorImpl.invoke(DelegatingMethodAccessorImpl.java:43)
	at java.lang.reflect.Method.invoke(Method.java:498)
	at org.openqa.selenium.support.pagefactory.internal.LocatingElementHandler.invoke(LocatingElementHandler.java:51)
	at com.sun.proxy.$Proxy16.sendKeys(Unknown Source)
	at pages.LoginPage.setFieldMail(LoginPage.java:45)
	at stepdefinition.AddAccount.preencho_os_campos_para_logar(AddAccount.java:36)
	at ✽.E preencho os campos para logar(AddAccount.feature:7)

java.lang.NullPointerException
	at stepdefinition.Hooks.generateWord(Hooks.java:47)
	at sun.reflect.NativeMethodAccessorImpl.invoke0(Native Method)
	at sun.reflect.NativeMethodAccessorImpl.invoke(NativeMethodAccessorImpl.java:62)
	at sun.reflect.DelegatingMethodAccessorImpl.invoke(DelegatingMethodAccessorImpl.java:43)
	at java.lang.reflect.Method.invoke(Method.java:498)
	at cucumber.runtime.Utils$1.call(Utils.java:40)
	at cucumber.runtime.Timeout.timeout(Timeout.java:16)
	at cucumber.runtime.Utils.invoke(Utils.java:34)
	at cucumber.runtime.java.JavaHookDefinition.execute(JavaHookDefinition.java:60)
	at cucumber.runtime.Runtime.runHookIfTagsMatch(Runtime.java:224)
	at cucumber.runtime.Runtime.runHooks(Runtime.java:212)
	at cucumber.runtime.Runtime.runAfterHooks(Runtime.java:206)
	at cucumber.runtime.model.CucumberScenario.run(CucumberScenario.java:46)
	at cucumber.runtime.junit.ExecutionUnitRunner.run(ExecutionUnitRunner.java:102)
	at org.junit.runners.Suite.runChild(Suite.java:128)
	at org.junit.runners.Suite.runChild(Suite.java:27)
	at org.junit.runners.ParentRunner$3.run(ParentRunner.java:290)
	at org.junit.runners.ParentRunner$1.schedule(ParentRunner.java:71)
	at org.junit.runners.ParentRunner.runChildren(ParentRunner.java:288)
	at org.junit.runners.ParentRunner.access$000(ParentRunner.java:58)
	at org.junit.runners.ParentRunner$2.evaluate(ParentRunner.java:268)
	at org.junit.runners.ParentRunner.run(ParentRunner.java:363)
	at cucumber.runtime.junit.ExamplesRunner.run(ExamplesRunner.java:59)
	at org.junit.runners.Suite.runChild(Suite.java:128)
	at org.junit.runners.Suite.runChild(Suite.java:27)
	at org.junit.runners.ParentRunner$3.run(ParentRunner.java:290)
	at org.junit.runners.ParentRunner$1.schedule(ParentRunner.java:71)
	at org.junit.runners.ParentRunner.runChildren(ParentRunner.java:288)
	at org.junit.runners.ParentRunner.access$000(ParentRunner.java:58)
	at org.junit.runners.ParentRunner$2.evaluate(ParentRunner.java:268)
	at org.junit.runners.ParentRunner.run(ParentRunner.java:363)
	at cucumber.runtime.junit.ScenarioOutlineRunner.run(ScenarioOutlineRunner.java:53)
	at cucumber.runtime.junit.FeatureRunner.runChild(FeatureRunner.java:63)
	at cucumber.runtime.junit.FeatureRunner.runChild(FeatureRunner.java:18)
	at org.junit.runners.ParentRunner$3.run(ParentRunner.java:290)
	at org.junit.runners.ParentRunner$1.schedule(ParentRunner.java:71)
	at org.junit.runners.ParentRunner.runChildren(ParentRunner.java:288)
	at org.junit.runners.ParentRunner.access$000(ParentRunner.java:58)
	at org.junit.runners.ParentRunner$2.evaluate(ParentRunner.java:268)
	at org.junit.runners.ParentRunner.run(ParentRunner.java:363)
	at cucumber.runtime.junit.FeatureRunner.run(FeatureRunner.java:70)
	at cucumber.api.junit.Cucumber.runChild(Cucumber.java:95)
	at cucumber.api.junit.Cucumber.runChild(Cucumber.java:38)
	at org.junit.runners.ParentRunner$3.run(ParentRunner.java:290)
	at org.junit.runners.ParentRunner$1.schedule(ParentRunner.java:71)
	at org.junit.runners.ParentRunner.runChildren(ParentRunner.java:288)
	at org.junit.runners.ParentRunner.access$000(ParentRunner.java:58)
	at org.junit.runners.ParentRunner$2.evaluate(ParentRunner.java:268)
	at org.junit.runners.ParentRunner.run(ParentRunner.java:363)
	at cucumber.api.junit.Cucumber.run(Cucumber.java:100)
	at org.eclipse.jdt.internal.junit4.runner.JUnit4TestReference.run(JUnit4TestReference.java:89)
	at org.eclipse.jdt.internal.junit.runner.TestExecution.run(TestExecution.java:41)
	at org.eclipse.jdt.internal.junit.runner.RemoteTestRunner.runTests(RemoteTestRunner.java:542)
	at org.eclipse.jdt.internal.junit.runner.RemoteTestRunner.runTests(RemoteTestRunner.java:770)
	at org.eclipse.jdt.internal.junit.runner.RemoteTestRunner.run(RemoteTestRunner.java:464)
	at org.eclipse.jdt.internal.junit.runner.RemoteTestRunner.main(RemoteTestRunner.java:210)

</error>
            <testcase name="Dado que estou na página de login através da url &quot;urlLogin&quot;" classname="| &quot;aleatório&quot; | &quot;Conta adicionada com sucesso!&quot; |" time="15.233"/>
            <testcase name="E preencho os campos para logar" classname="| &quot;aleatório&quot; | &quot;Conta adicionada com sucesso!&quot; |" time="0.002">
              <error>java.lang.NullPointerException
	at org.openqa.selenium.remote.RemoteWebDriver.findElements(RemoteWebDriver.java:446)
	at org.openqa.selenium.remote.RemoteWebDriver.findElementsById(RemoteWebDriver.java:457)
	at org.openqa.selenium.By$ById.findElements(By.java:210)
	at org.openqa.selenium.remote.RemoteWebDriver.findElements(RemoteWebDriver.java:398)
	at org.openqa.selenium.support.ui.ExpectedConditions.findElement(ExpectedConditions.java:882)
	at org.openqa.selenium.support.ui.ExpectedConditions.access$000(ExpectedConditions.java:44)
	at org.openqa.selenium.support.ui.ExpectedConditions$6.apply(ExpectedConditions.java:183)
	at org.openqa.selenium.support.ui.ExpectedConditions$6.apply(ExpectedConditions.java:180)
	at org.openqa.selenium.support.ui.FluentWait.until(FluentWait.java:209)
	at framework.FrameworkElement.sendKeys(FrameworkElement.java:159)
	at sun.reflect.NativeMethodAccessorImpl.invoke0(Native Method)
	at sun.reflect.NativeMethodAccessorImpl.invoke(NativeMethodAccessorImpl.java:62)
	at sun.reflect.DelegatingMethodAccessorImpl.invoke(DelegatingMethodAccessorImpl.java:43)
	at java.lang.reflect.Method.invoke(Method.java:498)
	at org.openqa.selenium.support.pagefactory.internal.LocatingElementHandler.invoke(LocatingElementHandler.java:51)
	at com.sun.proxy.$Proxy16.sendKeys(Unknown Source)
	at pages.LoginPage.setFieldMail(LoginPage.java:45)
	at stepdefinition.AddAccount.preencho_os_campos_para_logar(AddAccount.java:36)
	at ✽.E preencho os campos para logar(AddAccount.feature:7)

</error>
            </testcase>
            <testcase name="E clico no botão Entrar" classname="| &quot;aleatório&quot; | &quot;Conta adicionada com sucesso!&quot; |" time="0.001" ignored="true"/>
            <testcase name="E que utilizo o word para evidências com as informações de execução" classname="| &quot;aleatório&quot; | &quot;Conta adicionada com sucesso!&quot; |" time="0.003" ignored="true"/>
            <testcase name="Quando clico no menu contas" classname="| &quot;aleatório&quot; | &quot;Conta adicionada com sucesso!&quot; |" time="0.0" ignored="true"/>
            <testcase name="E seleciono a opção adicionar" classname="| &quot;aleatório&quot; | &quot;Conta adicionada com sucesso!&quot; |" time="0.0" ignored="true"/>
            <testcase name="E preencho o campo nome &quot;aleatório&quot;" classname="| &quot;aleatório&quot; | &quot;Conta adicionada com sucesso!&quot; |" time="0.001" ignored="true"/>
            <testcase name="E clico no botão salvar" classname="| &quot;aleatório&quot; | &quot;Conta adicionada com sucesso!&quot; |" time="0.001" ignored="true"/>
            <testcase name="Então a aplicação exibe a mensagem &quot;Conta adicionada com sucesso!&quot;" classname="| &quot;aleatório&quot; | &quot;Conta adicionada com sucesso!&quot; |" time="0.001" ignored="true"/>
            <testcase name="E valido se a conta foi adicionada com sucesso" classname="| &quot;aleatório&quot; | &quot;Conta adicionada com sucesso!&quot; |" time="0.0" ignored="true"/>
            <testcase name="E deleto a conta" classname="| &quot;aleatório&quot; | &quot;Conta adicionada com sucesso!&quot; |" time="0.0" ignored="true"/>
          </testsuite>
        </testsuite>
      </testsuite>
    </testsuite>
    <testsuite name="Funcionalidade: Logar na apliação do Sr Barriga" time="2.35">
      <testsuite name="Esquema do Cenario: CT - LOGIN - Logar na Aplicação do Sr barriga com sucesso." time="2.35">
        <testsuite name="Exemplos:" time="2.35">
          <testsuite name="| &quot;rodrigoarriel56@gmail.com&quot; | &quot;A1B2C3D4E5&quot; | &quot;Bem vindo, Rodrigo!&quot; |" time="0.011" incomplete="true">
            <error>org.openqa.selenium.NoSuchWindowException: no such window: target window already closed
from unknown error: web view not found
  (Session info: chrome=87.0.4280.88)
Build info: version: '3.4.0', revision: 'unknown', time: 'unknown'
System info: host: 'RIMTMAC148644.local', ip: '127.0.0.1', os.name: 'Mac OS X', os.arch: 'x86_64', os.version: '10.15.7', java.version: '1.8.0_212'
Driver info: org.openqa.selenium.chrome.ChromeDriver
Capabilities [{networkConnectionEnabled=false, chrome={chromedriverVersion=87.0.4280.88 (89e2380a3e36c3464b5dd1302349b1382549290d-refs/branch-heads/4280@{#1761}), userDataDir=/var/folders/36/5xw39hwd37dchcvvhnr2_z4wcrqqhd/T/.com.google.Chrome.Au0Vq2}, timeouts={implicit=0.0, pageLoad=300000.0, script=30000.0}, pageLoadStrategy=normal, unhandledPromptBehavior=dismiss and notify, strictFileInteractability=false, platform=ANY, proxy=Proxy(), goog:chromeOptions={debuggerAddress=localhost:63210}, acceptInsecureCerts=false, browserVersion=87.0.4280.88, browserName=chrome, javascriptEnabled=true, platformName=mac os x, setWindowRect=true, webauthn:virtualAuthenticators=true}]
Session ID: 9694aba00b1775ea66f29ad2440df94e
	at sun.reflect.NativeConstructorAccessorImpl.newInstance0(Native Method)
	at sun.reflect.NativeConstructorAccessorImpl.newInstance(NativeConstructorAccessorImpl.java:62)
	at sun.reflect.DelegatingConstructorAccessorImpl.newInstance(DelegatingConstructorAccessorImpl.java:45)
	at java.lang.reflect.Constructor.newInstance(Constructor.java:423)
	at org.openqa.selenium.remote.http.W3CHttpResponseCodec.createException(W3CHttpResponseCodec.java:150)
	at org.openqa.selenium.remote.http.W3CHttpResponseCodec.decode(W3CHttpResponseCodec.java:115)
	at org.openqa.selenium.remote.http.W3CHttpResponseCodec.decode(W3CHttpResponseCodec.java:45)
	at org.openqa.selenium.remote.HttpCommandExecutor.execute(HttpCommandExecutor.java:164)
	at org.openqa.selenium.remote.service.DriverCommandExecutor.execute(DriverCommandExecutor.java:82)
	at org.openqa.selenium.remote.RemoteWebDriver.execute(RemoteWebDriver.java:637)
	at org.openqa.selenium.remote.RemoteWebDriver.get(RemoteWebDriver.java:364)
	at org.openqa.selenium.remote.RemoteWebDriver$RemoteNavigation.to(RemoteWebDriver.java:945)
	at framework.FrameworkNavigation.to(FrameworkNavigation.java:42)
	at pages.LoginPage.setUrl(LoginPage.java:41)
	at stepdefinition.Login.que_estou_na_página_de_login_através_da_url(Login.java:34)
	at ✽.Dado que estou na página de login através da url "urlLogin"(Login.feature:11)

</error>
            <testcase name="Dado que utilizo o word para evidências com as informações de execução" classname="| &quot;rodrigoarriel56@gmail.com&quot; | &quot;A1B2C3D4E5&quot; | &quot;Bem vindo, Rodrigo!&quot; |" time="0.011"/>
            <testcase name="Dado que estou na página de login através da url &quot;urlLogin&quot;" classname="| &quot;rodrigoarriel56@gmail.com&quot; | &quot;A1B2C3D4E5&quot; | &quot;Bem vindo, Rodrigo!&quot; |" time="0.0">
              <error>org.openqa.selenium.NoSuchWindowException: no such window: target window already closed
from unknown error: web view not found
  (Session info: chrome=87.0.4280.88)
Build info: version: '3.4.0', revision: 'unknown', time: 'unknown'
System info: host: 'RIMTMAC148644.local', ip: '127.0.0.1', os.name: 'Mac OS X', os.arch: 'x86_64', os.version: '10.15.7', java.version: '1.8.0_212'
Driver info: org.openqa.selenium.chrome.ChromeDriver
Capabilities [{networkConnectionEnabled=false, chrome={chromedriverVersion=87.0.4280.88 (89e2380a3e36c3464b5dd1302349b1382549290d-refs/branch-heads/4280@{#1761}), userDataDir=/var/folders/36/5xw39hwd37dchcvvhnr2_z4wcrqqhd/T/.com.google.Chrome.Au0Vq2}, timeouts={implicit=0.0, pageLoad=300000.0, script=30000.0}, pageLoadStrategy=normal, unhandledPromptBehavior=dismiss and notify, strictFileInteractability=false, platform=ANY, proxy=Proxy(), goog:chromeOptions={debuggerAddress=localhost:63210}, acceptInsecureCerts=false, browserVersion=87.0.4280.88, browserName=chrome, javascriptEnabled=true, platformName=mac os x, setWindowRect=true, webauthn:virtualAuthenticators=true}]
Session ID: 9694aba00b1775ea66f29ad2440df94e
	at sun.reflect.NativeConstructorAccessorImpl.newInstance0(Native Method)
	at sun.reflect.NativeConstructorAccessorImpl.newInstance(NativeConstructorAccessorImpl.java:62)
	at sun.reflect.DelegatingConstructorAccessorImpl.newInstance(DelegatingConstructorAccessorImpl.java:45)
	at java.lang.reflect.Constructor.newInstance(Constructor.java:423)
	at org.openqa.selenium.remote.http.W3CHttpResponseCodec.createException(W3CHttpResponseCodec.java:150)
	at org.openqa.selenium.remote.http.W3CHttpResponseCodec.decode(W3CHttpResponseCodec.java:115)
	at org.openqa.selenium.remote.http.W3CHttpResponseCodec.decode(W3CHttpResponseCodec.java:45)
	at org.openqa.selenium.remote.HttpCommandExecutor.execute(HttpCommandExecutor.java:164)
	at org.openqa.selenium.remote.service.DriverCommandExecutor.execute(DriverCommandExecutor.java:82)
	at org.openqa.selenium.remote.RemoteWebDriver.execute(RemoteWebDriver.java:637)
	at org.openqa.selenium.remote.RemoteWebDriver.get(RemoteWebDriver.java:364)
	at org.openqa.selenium.remote.RemoteWebDriver$RemoteNavigation.to(RemoteWebDriver.java:945)
	at framework.FrameworkNavigation.to(FrameworkNavigation.java:42)
	at pages.LoginPage.setUrl(LoginPage.java:41)
	at stepdefinition.Login.que_estou_na_página_de_login_através_da_url(Login.java:34)
	at ✽.Dado que estou na página de login através da url "urlLogin"(Login.feature:11)

</error>
            </testcase>
            <testcase name="Quando preencho o campo email &quot;rodrigoarriel56@gmail.com&quot;" classname="| &quot;rodrigoarriel56@gmail.com&quot; | &quot;A1B2C3D4E5&quot; | &quot;Bem vindo, Rodrigo!&quot; |" time="0.0" ignored="true"/>
            <testcase name="E preencho o campo senha &quot;A1B2C3D4E5&quot;" classname="| &quot;rodrigoarriel56@gmail.com&quot; | &quot;A1B2C3D4E5&quot; | &quot;Bem vindo, Rodrigo!&quot; |" time="0.001" ignored="true"/>
            <testcase name="E clico no botão Entrar" classname="| &quot;rodrigoarriel56@gmail.com&quot; | &quot;A1B2C3D4E5&quot; | &quot;Bem vindo, Rodrigo!&quot; |" time="0.0" ignored="true"/>
            <testcase name="Então a aplicação exibe a mensagem &quot;Bem vindo, Rodrigo!&quot;" classname="| &quot;rodrigoarriel56@gmail.com&quot; | &quot;A1B2C3D4E5&quot; | &quot;Bem vindo, Rodrigo!&quot; |" time="0.0" ignored="true"/>
            <testcase name="E clico no botão Sair" classname="| &quot;rodrigoarriel56@gmail.com&quot; | &quot;A1B2C3D4E5&quot; | &quot;Bem vindo, Rodrigo!&quot; |" time="2.337" ignored="true"/>
          </testsuite>
        </testsuite>
      </testsuite>
    </testsuite>
    <testsuite name="Funcionalidade: Selecionar produto no site" time="0.042">
      <testsuite name="Esquema do Cenario: CT - Produto - selecionar produto no site" time="0.042">
        <testsuite name="Exemplos:" time="0.042">
          <testsuite name="| &quot;rodrigoarriel56@gmail.com&quot; | &quot;A1B2C3D4E5&quot; | &quot;Bem vindo, Rodrigo!&quot; |" time="0.007" incomplete="true">
            <error>org.openqa.selenium.NoSuchWindowException: no such window: target window already closed
from unknown error: web view not found
  (Session info: chrome=87.0.4280.88)
Build info: version: '3.4.0', revision: 'unknown', time: 'unknown'
System info: host: 'RIMTMAC148644.local', ip: '127.0.0.1', os.name: 'Mac OS X', os.arch: 'x86_64', os.version: '10.15.7', java.version: '1.8.0_212'
Driver info: org.openqa.selenium.chrome.ChromeDriver
Capabilities [{networkConnectionEnabled=false, chrome={chromedriverVersion=87.0.4280.88 (89e2380a3e36c3464b5dd1302349b1382549290d-refs/branch-heads/4280@{#1761}), userDataDir=/var/folders/36/5xw39hwd37dchcvvhnr2_z4wcrqqhd/T/.com.google.Chrome.Au0Vq2}, timeouts={implicit=0.0, pageLoad=300000.0, script=30000.0}, pageLoadStrategy=normal, unhandledPromptBehavior=dismiss and notify, strictFileInteractability=false, platform=ANY, proxy=Proxy(), goog:chromeOptions={debuggerAddress=localhost:63210}, acceptInsecureCerts=false, browserVersion=87.0.4280.88, browserName=chrome, javascriptEnabled=true, platformName=mac os x, setWindowRect=true, webauthn:virtualAuthenticators=true}]
Session ID: 9694aba00b1775ea66f29ad2440df94e
	at sun.reflect.NativeConstructorAccessorImpl.newInstance0(Native Method)
	at sun.reflect.NativeConstructorAccessorImpl.newInstance(NativeConstructorAccessorImpl.java:62)
	at sun.reflect.DelegatingConstructorAccessorImpl.newInstance(DelegatingConstructorAccessorImpl.java:45)
	at java.lang.reflect.Constructor.newInstance(Constructor.java:423)
	at org.openqa.selenium.remote.http.W3CHttpResponseCodec.createException(W3CHttpResponseCodec.java:150)
	at org.openqa.selenium.remote.http.W3CHttpResponseCodec.decode(W3CHttpResponseCodec.java:115)
	at org.openqa.selenium.remote.http.W3CHttpResponseCodec.decode(W3CHttpResponseCodec.java:45)
	at org.openqa.selenium.remote.HttpCommandExecutor.execute(HttpCommandExecutor.java:164)
	at org.openqa.selenium.remote.service.DriverCommandExecutor.execute(DriverCommandExecutor.java:82)
	at org.openqa.selenium.remote.RemoteWebDriver.execute(RemoteWebDriver.java:637)
	at org.openqa.selenium.remote.RemoteWebDriver.get(RemoteWebDriver.java:364)
	at org.openqa.selenium.remote.RemoteWebDriver$RemoteNavigation.to(RemoteWebDriver.java:945)
	at framework.FrameworkNavigation.to(FrameworkNavigation.java:42)
	at pages.LoginPage.setUrl(LoginPage.java:41)
	at stepdefinition.Login.que_estou_na_página_de_login_através_da_url(Login.java:34)
	at ✽.Dado que estou na página de login através da url "urlLogin"(Produto.feature:13)

</error>
            <testcase name="Dado que utilizo o word para evidências com as informações de execução" classname="| &quot;rodrigoarriel56@gmail.com&quot; | &quot;A1B2C3D4E5&quot; | &quot;Bem vindo, Rodrigo!&quot; |" time="0.006"/>
            <testcase name="Dado que estou na página de login através da url &quot;urlLogin&quot;" classname="| &quot;rodrigoarriel56@gmail.com&quot; | &quot;A1B2C3D4E5&quot; | &quot;Bem vindo, Rodrigo!&quot; |" time="0.001">
              <error>org.openqa.selenium.NoSuchWindowException: no such window: target window already closed
from unknown error: web view not found
  (Session info: chrome=87.0.4280.88)
Build info: version: '3.4.0', revision: 'unknown', time: 'unknown'
System info: host: 'RIMTMAC148644.local', ip: '127.0.0.1', os.name: 'Mac OS X', os.arch: 'x86_64', os.version: '10.15.7', java.version: '1.8.0_212'
Driver info: org.openqa.selenium.chrome.ChromeDriver
Capabilities [{networkConnectionEnabled=false, chrome={chromedriverVersion=87.0.4280.88 (89e2380a3e36c3464b5dd1302349b1382549290d-refs/branch-heads/4280@{#1761}), userDataDir=/var/folders/36/5xw39hwd37dchcvvhnr2_z4wcrqqhd/T/.com.google.Chrome.Au0Vq2}, timeouts={implicit=0.0, pageLoad=300000.0, script=30000.0}, pageLoadStrategy=normal, unhandledPromptBehavior=dismiss and notify, strictFileInteractability=false, platform=ANY, proxy=Proxy(), goog:chromeOptions={debuggerAddress=localhost:63210}, acceptInsecureCerts=false, browserVersion=87.0.4280.88, browserName=chrome, javascriptEnabled=true, platformName=mac os x, setWindowRect=true, webauthn:virtualAuthenticators=true}]
Session ID: 9694aba00b1775ea66f29ad2440df94e
	at sun.reflect.NativeConstructorAccessorImpl.newInstance0(Native Method)
	at sun.reflect.NativeConstructorAccessorImpl.newInstance(NativeConstructorAccessorImpl.java:62)
	at sun.reflect.DelegatingConstructorAccessorImpl.newInstance(DelegatingConstructorAccessorImpl.java:45)
	at java.lang.reflect.Constructor.newInstance(Constructor.java:423)
	at org.openqa.selenium.remote.http.W3CHttpResponseCodec.createException(W3CHttpResponseCodec.java:150)
	at org.openqa.selenium.remote.http.W3CHttpResponseCodec.decode(W3CHttpResponseCodec.java:115)
	at org.openqa.selenium.remote.http.W3CHttpResponseCodec.decode(W3CHttpResponseCodec.java:45)
	at org.openqa.selenium.remote.HttpCommandExecutor.execute(HttpCommandExecutor.java:164)
	at org.openqa.selenium.remote.service.DriverCommandExecutor.execute(DriverCommandExecutor.java:82)
	at org.openqa.selenium.remote.RemoteWebDriver.execute(RemoteWebDriver.java:637)
	at org.openqa.selenium.remote.RemoteWebDriver.get(RemoteWebDriver.java:364)
	at org.openqa.selenium.remote.RemoteWebDriver$RemoteNavigation.to(RemoteWebDriver.java:945)
	at framework.FrameworkNavigation.to(FrameworkNavigation.java:42)
	at pages.LoginPage.setUrl(LoginPage.java:41)
	at stepdefinition.Login.que_estou_na_página_de_login_através_da_url(Login.java:34)
	at ✽.Dado que estou na página de login através da url "urlLogin"(Produto.feature:13)

</error>
            </testcase>
            <testcase name="Quando preencho o campo email &quot;rodrigoarriel56@gmail.com&quot;" classname="| &quot;rodrigoarriel56@gmail.com&quot; | &quot;A1B2C3D4E5&quot; | &quot;Bem vindo, Rodrigo!&quot; |" time="0.0" ignored="true"/>
            <testcase name="E preencho o campo senha &quot;A1B2C3D4E5&quot;" classname="| &quot;rodrigoarriel56@gmail.com&quot; | &quot;A1B2C3D4E5&quot; | &quot;Bem vindo, Rodrigo!&quot; |" time="0.001" ignored="true"/>
            <testcase name="E clico no botão Entrar" classname="| &quot;rodrigoarriel56@gmail.com&quot; | &quot;A1B2C3D4E5&quot; | &quot;Bem vindo, Rodrigo!&quot; |" time="0.0" ignored="true"/>
            <testcase name="Então a aplicação exibe a mensagem &quot;Bem vindo, Rodrigo!&quot;" classname="| &quot;rodrigoarriel56@gmail.com&quot; | &quot;A1B2C3D4E5&quot; | &quot;Bem vindo, Rodrigo!&quot; |" time="0.0" ignored="true"/>
            <testcase name="E clico no botão Sair" classname="| &quot;rodrigoarriel56@gmail.com&quot; | &quot;A1B2C3D4E5&quot; | &quot;Bem vindo, Rodrigo!&quot; |" time="0.034" ignored="true"/>
          </testsuite>
        </testsuite>
      </testsuite>
    </testsuite>
    <testsuite name="Funcionalidade: Cadastrar Novo Usuário na apicação do Sr Barriga" time="0.431">
      <testsuite name="Esquema do Cenario: CT - CADASTRO DE USUÁRIO - Cadastrar Novo Usuário com sucesso." time="0.091">
        <testsuite name="Exemplos:" time="0.091">
          <testsuite name="| &quot;aleatório&quot; | &quot;aleatório&quot; | &quot;A1B2C3D4E5&quot; | &quot;Usuário inserido com sucesso&quot; |" time="0.062" incomplete="true">
            <error>java.lang.NullPointerException: null value in entry: url=null
	at com.google.common.collect.CollectPreconditions.checkEntryNotNull(CollectPreconditions.java:34)
	at com.google.common.collect.SingletonImmutableBiMap.&lt;init&gt;(SingletonImmutableBiMap.java:42)
	at com.google.common.collect.ImmutableBiMap.of(ImmutableBiMap.java:73)
	at com.google.common.collect.ImmutableMap.of(ImmutableMap.java:120)
	at org.openqa.selenium.remote.RemoteWebDriver.get(RemoteWebDriver.java:364)
	at org.openqa.selenium.remote.RemoteWebDriver$RemoteNavigation.to(RemoteWebDriver.java:945)
	at framework.FrameworkNavigation.to(FrameworkNavigation.java:42)
	at pages.NewUserPage.setUrl(NewUserPage.java:43)
	at stepdefinition.Register.que_estou_na_página_de_cadastro_do_SrBarriga_através_da_url(Register.java:38)
	at ✽.Dado que estou na página de cadastro do SrBarriga através da url "urlCadastro"(Register.feature:11)

</error>
            <testcase name="Dado que utilizo o word para evidências com as informações de execução" classname="| &quot;aleatório&quot; | &quot;aleatório&quot; | &quot;A1B2C3D4E5&quot; | &quot;Usuário inserido com sucesso&quot; |" time="0.062"/>
            <testcase name="Dado que estou na página de cadastro do SrBarriga através da url &quot;urlCadastro&quot;" classname="| &quot;aleatório&quot; | &quot;aleatório&quot; | &quot;A1B2C3D4E5&quot; | &quot;Usuário inserido com sucesso&quot; |" time="0.0">
              <error>java.lang.NullPointerException: null value in entry: url=null
	at com.google.common.collect.CollectPreconditions.checkEntryNotNull(CollectPreconditions.java:34)
	at com.google.common.collect.SingletonImmutableBiMap.&lt;init&gt;(SingletonImmutableBiMap.java:42)
	at com.google.common.collect.ImmutableBiMap.of(ImmutableBiMap.java:73)
	at com.google.common.collect.ImmutableMap.of(ImmutableMap.java:120)
	at org.openqa.selenium.remote.RemoteWebDriver.get(RemoteWebDriver.java:364)
	at org.openqa.selenium.remote.RemoteWebDriver$RemoteNavigation.to(RemoteWebDriver.java:945)
	at framework.FrameworkNavigation.to(FrameworkNavigation.java:42)
	at pages.NewUserPage.setUrl(NewUserPage.java:43)
	at stepdefinition.Register.que_estou_na_página_de_cadastro_do_SrBarriga_através_da_url(Register.java:38)
	at ✽.Dado que estou na página de cadastro do SrBarriga através da url "urlCadastro"(Register.feature:11)

</error>
            </testcase>
            <testcase name="Quando preencho o campo nome com o valor &quot;aleatório&quot;" classname="| &quot;aleatório&quot; | &quot;aleatório&quot; | &quot;A1B2C3D4E5&quot; | &quot;Usuário inserido com sucesso&quot; |" time="0.0" ignored="true"/>
            <testcase name="E preencho o campo email com o valor &quot;aleatório&quot;" classname="| &quot;aleatório&quot; | &quot;aleatório&quot; | &quot;A1B2C3D4E5&quot; | &quot;Usuário inserido com sucesso&quot; |" time="0.0" ignored="true"/>
            <testcase name="E preencho o campo senha com o valor &quot;A1B2C3D4E5&quot;" classname="| &quot;aleatório&quot; | &quot;aleatório&quot; | &quot;A1B2C3D4E5&quot; | &quot;Usuário inserido com sucesso&quot; |" time="0.0" ignored="true"/>
            <testcase name="E clico no botão Cadastrar" classname="| &quot;aleatório&quot; | &quot;aleatório&quot; | &quot;A1B2C3D4E5&quot; | &quot;Usuário inserido com sucesso&quot; |" time="0.0" ignored="true"/>
            <testcase name="Então a aplicação exibe a mensagem de sucesso &quot;Usuário inserido com sucesso&quot;" classname="| &quot;aleatório&quot; | &quot;aleatório&quot; | &quot;A1B2C3D4E5&quot; | &quot;Usuário inserido com sucesso&quot; |" time="0.028" ignored="true"/>
          </testsuite>
        </testsuite>
      </testsuite>
      <testsuite name="Esquema do Cenario: CT - CADASTRO DE USUÁRIO - Cadastrar Novo Usuário com erro." time="0.339">
        <testsuite name="Exemplos:" time="0.339">
          <testsuite name="| &quot;Rodrigo&quot; | &quot;rodrigoarriel56@gmail.com&quot; | &quot;A1B2C3D4E5&quot; | &quot;Endereço de email já utilizado&quot; |" time="0.063" incomplete="true">
            <error>java.lang.NullPointerException: null value in entry: url=null
	at com.google.common.collect.CollectPreconditions.checkEntryNotNull(CollectPreconditions.java:34)
	at com.google.common.collect.SingletonImmutableBiMap.&lt;init&gt;(SingletonImmutableBiMap.java:42)
	at com.google.common.collect.ImmutableBiMap.of(ImmutableBiMap.java:73)
	at com.google.common.collect.ImmutableMap.of(ImmutableMap.java:120)
	at org.openqa.selenium.remote.RemoteWebDriver.get(RemoteWebDriver.java:364)
	at org.openqa.selenium.remote.RemoteWebDriver$RemoteNavigation.to(RemoteWebDriver.java:945)
	at framework.FrameworkNavigation.to(FrameworkNavigation.java:42)
	at pages.NewUserPage.setUrl(NewUserPage.java:43)
	at stepdefinition.Register.que_estou_na_página_de_cadastro_do_SrBarriga_através_da_url(Register.java:38)
	at ✽.Dado que estou na página de cadastro do SrBarriga através da url "urlCadastro"(Register.feature:25)

</error>
            <testcase name="Dado que utilizo o word para evidências com as informações de execução" classname="| &quot;Rodrigo&quot; | &quot;rodrigoarriel56@gmail.com&quot; | &quot;A1B2C3D4E5&quot; | &quot;Endereço de email já utilizado&quot; |" time="0.063"/>
            <testcase name="Dado que estou na página de cadastro do SrBarriga através da url &quot;urlCadastro&quot;" classname="| &quot;Rodrigo&quot; | &quot;rodrigoarriel56@gmail.com&quot; | &quot;A1B2C3D4E5&quot; | &quot;Endereço de email já utilizado&quot; |" time="0.0">
              <error>java.lang.NullPointerException: null value in entry: url=null
	at com.google.common.collect.CollectPreconditions.checkEntryNotNull(CollectPreconditions.java:34)
	at com.google.common.collect.SingletonImmutableBiMap.&lt;init&gt;(SingletonImmutableBiMap.java:42)
	at com.google.common.collect.ImmutableBiMap.of(ImmutableBiMap.java:73)
	at com.google.common.collect.ImmutableMap.of(ImmutableMap.java:120)
	at org.openqa.selenium.remote.RemoteWebDriver.get(RemoteWebDriver.java:364)
	at org.openqa.selenium.remote.RemoteWebDriver$RemoteNavigation.to(RemoteWebDriver.java:945)
	at framework.FrameworkNavigation.to(FrameworkNavigation.java:42)
	at pages.NewUserPage.setUrl(NewUserPage.java:43)
	at stepdefinition.Register.que_estou_na_página_de_cadastro_do_SrBarriga_através_da_url(Register.java:38)
	at ✽.Dado que estou na página de cadastro do SrBarriga através da url "urlCadastro"(Register.feature:25)

</error>
            </testcase>
            <testcase name="Quando preencho o campo nome com o valor &quot;Rodrigo&quot;" classname="| &quot;Rodrigo&quot; | &quot;rodrigoarriel56@gmail.com&quot; | &quot;A1B2C3D4E5&quot; | &quot;Endereço de email já utilizado&quot; |" time="0.001" ignored="true"/>
            <testcase name="E preencho o campo email com o valor &quot;rodrigoarriel56@gmail.com&quot;" classname="| &quot;Rodrigo&quot; | &quot;rodrigoarriel56@gmail.com&quot; | &quot;A1B2C3D4E5&quot; | &quot;Endereço de email já utilizado&quot; |" time="0.0" ignored="true"/>
            <testcase name="E preencho o campo senha com o valor &quot;A1B2C3D4E5&quot;" classname="| &quot;Rodrigo&quot; | &quot;rodrigoarriel56@gmail.com&quot; | &quot;A1B2C3D4E5&quot; | &quot;Endereço de email já utilizado&quot; |" time="0.0" ignored="true"/>
            <testcase name="E clico no botão Cadastrar" classname="| &quot;Rodrigo&quot; | &quot;rodrigoarriel56@gmail.com&quot; | &quot;A1B2C3D4E5&quot; | &quot;Endereço de email já utilizado&quot; |" time="0.0" ignored="true"/>
            <testcase name="Então a aplicação exibe a mensagem de erro &quot;Endereço de email já utilizado&quot;" classname="| &quot;Rodrigo&quot; | &quot;rodrigoarriel56@gmail.com&quot; | &quot;A1B2C3D4E5&quot; | &quot;Endereço de email já utilizado&quot; |" time="0.026" ignored="true"/>
          </testsuite>
          <testsuite name="| &quot;&quot; | &quot;rap@gmail.com&quot; | &quot;A1B2C3D4E5&quot; | &quot;Nome é um campo obrigatório&quot; |" time="0.076" incomplete="true">
            <error>java.lang.NullPointerException: null value in entry: url=null
	at com.google.common.collect.CollectPreconditions.checkEntryNotNull(CollectPreconditions.java:34)
	at com.google.common.collect.SingletonImmutableBiMap.&lt;init&gt;(SingletonImmutableBiMap.java:42)
	at com.google.common.collect.ImmutableBiMap.of(ImmutableBiMap.java:73)
	at com.google.common.collect.ImmutableMap.of(ImmutableMap.java:120)
	at org.openqa.selenium.remote.RemoteWebDriver.get(RemoteWebDriver.java:364)
	at org.openqa.selenium.remote.RemoteWebDriver$RemoteNavigation.to(RemoteWebDriver.java:945)
	at framework.FrameworkNavigation.to(FrameworkNavigation.java:42)
	at pages.NewUserPage.setUrl(NewUserPage.java:43)
	at stepdefinition.Register.que_estou_na_página_de_cadastro_do_SrBarriga_através_da_url(Register.java:38)
	at ✽.Dado que estou na página de cadastro do SrBarriga através da url "urlCadastro"(Register.feature:25)

</error>
            <testcase name="Dado que utilizo o word para evidências com as informações de execução" classname="| &quot;&quot; | &quot;rap@gmail.com&quot; | &quot;A1B2C3D4E5&quot; | &quot;Nome é um campo obrigatório&quot; |" time="0.076"/>
            <testcase name="Dado que estou na página de cadastro do SrBarriga através da url &quot;urlCadastro&quot;" classname="| &quot;&quot; | &quot;rap@gmail.com&quot; | &quot;A1B2C3D4E5&quot; | &quot;Nome é um campo obrigatório&quot; |" time="0.0">
              <error>java.lang.NullPointerException: null value in entry: url=null
	at com.google.common.collect.CollectPreconditions.checkEntryNotNull(CollectPreconditions.java:34)
	at com.google.common.collect.SingletonImmutableBiMap.&lt;init&gt;(SingletonImmutableBiMap.java:42)
	at com.google.common.collect.ImmutableBiMap.of(ImmutableBiMap.java:73)
	at com.google.common.collect.ImmutableMap.of(ImmutableMap.java:120)
	at org.openqa.selenium.remote.RemoteWebDriver.get(RemoteWebDriver.java:364)
	at org.openqa.selenium.remote.RemoteWebDriver$RemoteNavigation.to(RemoteWebDriver.java:945)
	at framework.FrameworkNavigation.to(FrameworkNavigation.java:42)
	at pages.NewUserPage.setUrl(NewUserPage.java:43)
	at stepdefinition.Register.que_estou_na_página_de_cadastro_do_SrBarriga_através_da_url(Register.java:38)
	at ✽.Dado que estou na página de cadastro do SrBarriga através da url "urlCadastro"(Register.feature:25)

</error>
            </testcase>
            <testcase name="Quando preencho o campo nome com o valor &quot;&quot;" classname="| &quot;&quot; | &quot;rap@gmail.com&quot; | &quot;A1B2C3D4E5&quot; | &quot;Nome é um campo obrigatório&quot; |" time="0.001" ignored="true"/>
            <testcase name="E preencho o campo email com o valor &quot;rap@gmail.com&quot;" classname="| &quot;&quot; | &quot;rap@gmail.com&quot; | &quot;A1B2C3D4E5&quot; | &quot;Nome é um campo obrigatório&quot; |" time="0.0" ignored="true"/>
            <testcase name="E preencho o campo senha com o valor &quot;A1B2C3D4E5&quot;" classname="| &quot;&quot; | &quot;rap@gmail.com&quot; | &quot;A1B2C3D4E5&quot; | &quot;Nome é um campo obrigatório&quot; |" time="0.0" ignored="true"/>
            <testcase name="E clico no botão Cadastrar" classname="| &quot;&quot; | &quot;rap@gmail.com&quot; | &quot;A1B2C3D4E5&quot; | &quot;Nome é um campo obrigatório&quot; |" time="0.0" ignored="true"/>
            <testcase name="Então a aplicação exibe a mensagem de erro &quot;Nome é um campo obrigatório&quot;" classname="| &quot;&quot; | &quot;rap@gmail.com&quot; | &quot;A1B2C3D4E5&quot; | &quot;Nome é um campo obrigatório&quot; |" time="0.021" ignored="true"/>
          </testsuite>
          <testsuite name="| &quot;aleatório&quot; | &quot;&quot; | &quot;A1B2C3D4E5&quot; | &quot;Email é um campo obrigatório&quot; |" time="0.049" incomplete="true">
            <error>java.lang.NullPointerException: null value in entry: url=null
	at com.google.common.collect.CollectPreconditions.checkEntryNotNull(CollectPreconditions.java:34)
	at com.google.common.collect.SingletonImmutableBiMap.&lt;init&gt;(SingletonImmutableBiMap.java:42)
	at com.google.common.collect.ImmutableBiMap.of(ImmutableBiMap.java:73)
	at com.google.common.collect.ImmutableMap.of(ImmutableMap.java:120)
	at org.openqa.selenium.remote.RemoteWebDriver.get(RemoteWebDriver.java:364)
	at org.openqa.selenium.remote.RemoteWebDriver$RemoteNavigation.to(RemoteWebDriver.java:945)
	at framework.FrameworkNavigation.to(FrameworkNavigation.java:42)
	at pages.NewUserPage.setUrl(NewUserPage.java:43)
	at stepdefinition.Register.que_estou_na_página_de_cadastro_do_SrBarriga_através_da_url(Register.java:38)
	at ✽.Dado que estou na página de cadastro do SrBarriga através da url "urlCadastro"(Register.feature:25)

</error>
            <testcase name="Dado que utilizo o word para evidências com as informações de execução" classname="| &quot;aleatório&quot; | &quot;&quot; | &quot;A1B2C3D4E5&quot; | &quot;Email é um campo obrigatório&quot; |" time="0.047"/>
            <testcase name="Dado que estou na página de cadastro do SrBarriga através da url &quot;urlCadastro&quot;" classname="| &quot;aleatório&quot; | &quot;&quot; | &quot;A1B2C3D4E5&quot; | &quot;Email é um campo obrigatório&quot; |" time="0.0">
              <error>java.lang.NullPointerException: null value in entry: url=null
	at com.google.common.collect.CollectPreconditions.checkEntryNotNull(CollectPreconditions.java:34)
	at com.google.common.collect.SingletonImmutableBiMap.&lt;init&gt;(SingletonImmutableBiMap.java:42)
	at com.google.common.collect.ImmutableBiMap.of(ImmutableBiMap.java:73)
	at com.google.common.collect.ImmutableMap.of(ImmutableMap.java:120)
	at org.openqa.selenium.remote.RemoteWebDriver.get(RemoteWebDriver.java:364)
	at org.openqa.selenium.remote.RemoteWebDriver$RemoteNavigation.to(RemoteWebDriver.java:945)
	at framework.FrameworkNavigation.to(FrameworkNavigation.java:42)
	at pages.NewUserPage.setUrl(NewUserPage.java:43)
	at stepdefinition.Register.que_estou_na_página_de_cadastro_do_SrBarriga_através_da_url(Register.java:38)
	at ✽.Dado que estou na página de cadastro do SrBarriga através da url "urlCadastro"(Register.feature:25)

</error>
            </testcase>
            <testcase name="Quando preencho o campo nome com o valor &quot;aleatório&quot;" classname="| &quot;aleatório&quot; | &quot;&quot; | &quot;A1B2C3D4E5&quot; | &quot;Email é um campo obrigatório&quot; |" time="0.0" ignored="true"/>
            <testcase name="E preencho o campo email com o valor &quot;&quot;" classname="| &quot;aleatório&quot; | &quot;&quot; | &quot;A1B2C3D4E5&quot; | &quot;Email é um campo obrigatório&quot; |" time="0.0" ignored="true"/>
            <testcase name="E preencho o campo senha com o valor &quot;A1B2C3D4E5&quot;" classname="| &quot;aleatório&quot; | &quot;&quot; | &quot;A1B2C3D4E5&quot; | &quot;Email é um campo obrigatório&quot; |" time="0.0" ignored="true"/>
            <testcase name="E clico no botão Cadastrar" classname="| &quot;aleatório&quot; | &quot;&quot; | &quot;A1B2C3D4E5&quot; | &quot;Email é um campo obrigatório&quot; |" time="0.0" ignored="true"/>
            <testcase name="Então a aplicação exibe a mensagem de erro &quot;Email é um campo obrigatório&quot;" classname="| &quot;aleatório&quot; | &quot;&quot; | &quot;A1B2C3D4E5&quot; | &quot;Email é um campo obrigatório&quot; |" time="0.023" ignored="true"/>
          </testsuite>
          <testsuite name="| &quot;aleatório&quot; | &quot;bessa@email.com&quot; | &quot;&quot; | &quot;Senha é um campo obrigatório&quot; |" time="0.043" incomplete="true">
            <error>java.lang.NullPointerException: null value in entry: url=null
	at com.google.common.collect.CollectPreconditions.checkEntryNotNull(CollectPreconditions.java:34)
	at com.google.common.collect.SingletonImmutableBiMap.&lt;init&gt;(SingletonImmutableBiMap.java:42)
	at com.google.common.collect.ImmutableBiMap.of(ImmutableBiMap.java:73)
	at com.google.common.collect.ImmutableMap.of(ImmutableMap.java:120)
	at org.openqa.selenium.remote.RemoteWebDriver.get(RemoteWebDriver.java:364)
	at org.openqa.selenium.remote.RemoteWebDriver$RemoteNavigation.to(RemoteWebDriver.java:945)
	at framework.FrameworkNavigation.to(FrameworkNavigation.java:42)
	at pages.NewUserPage.setUrl(NewUserPage.java:43)
	at stepdefinition.Register.que_estou_na_página_de_cadastro_do_SrBarriga_através_da_url(Register.java:38)
	at ✽.Dado que estou na página de cadastro do SrBarriga através da url "urlCadastro"(Register.feature:25)

</error>
            <testcase name="Dado que utilizo o word para evidências com as informações de execução" classname="| &quot;aleatório&quot; | &quot;bessa@email.com&quot; | &quot;&quot; | &quot;Senha é um campo obrigatório&quot; |" time="0.042"/>
            <testcase name="Dado que estou na página de cadastro do SrBarriga através da url &quot;urlCadastro&quot;" classname="| &quot;aleatório&quot; | &quot;bessa@email.com&quot; | &quot;&quot; | &quot;Senha é um campo obrigatório&quot; |" time="0.001">
              <error>java.lang.NullPointerException: null value in entry: url=null
	at com.google.common.collect.CollectPreconditions.checkEntryNotNull(CollectPreconditions.java:34)
	at com.google.common.collect.SingletonImmutableBiMap.&lt;init&gt;(SingletonImmutableBiMap.java:42)
	at com.google.common.collect.ImmutableBiMap.of(ImmutableBiMap.java:73)
	at com.google.common.collect.ImmutableMap.of(ImmutableMap.java:120)
	at org.openqa.selenium.remote.RemoteWebDriver.get(RemoteWebDriver.java:364)
	at org.openqa.selenium.remote.RemoteWebDriver$RemoteNavigation.to(RemoteWebDriver.java:945)
	at framework.FrameworkNavigation.to(FrameworkNavigation.java:42)
	at pages.NewUserPage.setUrl(NewUserPage.java:43)
	at stepdefinition.Register.que_estou_na_página_de_cadastro_do_SrBarriga_através_da_url(Register.java:38)
	at ✽.Dado que estou na página de cadastro do SrBarriga através da url "urlCadastro"(Register.feature:25)

</error>
            </testcase>
            <testcase name="Quando preencho o campo nome com o valor &quot;aleatório&quot;" classname="| &quot;aleatório&quot; | &quot;bessa@email.com&quot; | &quot;&quot; | &quot;Senha é um campo obrigatório&quot; |" time="0.0" ignored="true"/>
            <testcase name="E preencho o campo email com o valor &quot;bessa@email.com&quot;" classname="| &quot;aleatório&quot; | &quot;bessa@email.com&quot; | &quot;&quot; | &quot;Senha é um campo obrigatório&quot; |" time="0.0" ignored="true"/>
            <testcase name="E preencho o campo senha com o valor &quot;&quot;" classname="| &quot;aleatório&quot; | &quot;bessa@email.com&quot; | &quot;&quot; | &quot;Senha é um campo obrigatório&quot; |" time="0.0" ignored="true"/>
            <testcase name="E clico no botão Cadastrar" classname="| &quot;aleatório&quot; | &quot;bessa@email.com&quot; | &quot;&quot; | &quot;Senha é um campo obrigatório&quot; |" time="0.0" ignored="true"/>
            <testcase name="Então a aplicação exibe a mensagem de erro &quot;Senha é um campo obrigatório&quot;" classname="| &quot;aleatório&quot; | &quot;bessa@email.com&quot; | &quot;&quot; | &quot;Senha é um campo obrigatório&quot; |" time="0.031" ignored="true"/>
          </testsuite>
        </testsuite>
      </testsuite>
    </testsuite>
  </testsuite>
</testrun>
